<?xml version="1.0" encoding="UTF-8"?>
<testng-results skipped="0" failed="3" ignored="0" total="10" passed="7">
  <reporter-output>
  </reporter-output>
  <suite name="Default suite" duration-ms="229126" started-at="2019-09-13T10:53:21Z" finished-at="2019-09-13T10:57:10Z">
    <groups>
    </groups>
    <test name="Default test" duration-ms="229126" started-at="2019-09-13T10:53:21Z" finished-at="2019-09-13T10:57:10Z">
      <class name="org.C_zentrix.org.C_zentrix.Test_czentrix">
        <test-method status="PASS" signature="before()[pri:0, instance:org.C_zentrix.org.C_zentrix.Test_czentrix@17211155]" name="before" is-config="true" duration-ms="24746" started-at="2019-09-13T10:53:21Z" finished-at="2019-09-13T10:53:45Z">
          <reporter-output>
          </reporter-output>
        </test-method> <!-- before -->
        <test-method status="PASS" signature="license()[pri:1, instance:org.C_zentrix.org.C_zentrix.Test_czentrix@17211155]" name="license" duration-ms="2534" started-at="2019-09-13T10:53:46Z" finished-at="2019-09-13T10:53:48Z">
          <reporter-output>
          </reporter-output>
        </test-method> <!-- license -->
        <test-method status="PASS" signature="getResult(org.testng.ITestResult)[pri:0, instance:org.C_zentrix.org.C_zentrix.Test_czentrix@17211155]" name="getResult" is-config="true" duration-ms="14" started-at="2019-09-13T10:53:48Z" finished-at="2019-09-13T10:53:48Z">
          <params>
            <param index="0">
              <value>
                <![CDATA[[TestResult name=license status=SUCCESS method=Test_czentrix.license()[pri:1, instance:org.C_zentrix.org.C_zentrix.Test_czentrix@17211155] output={null}]]]>
              </value>
            </param>
          </params>
          <reporter-output>
          </reporter-output>
        </test-method> <!-- getResult -->
        <test-method status="FAIL" signature="tdm()[pri:2, instance:org.C_zentrix.org.C_zentrix.Test_czentrix@17211155]" name="tdm" duration-ms="8195" started-at="2019-09-13T10:53:48Z" finished-at="2019-09-13T10:53:56Z">
          <exception class="java.lang.NullPointerException">
            <full-stacktrace>
              <![CDATA[java.lang.NullPointerException
at org.openqa.selenium.support.ui.Quotes.escape(Quotes.java:42)
at org.openqa.selenium.support.ui.Select.selectByVisibleText(Select.java:116)
at org.C_zentrix.org.C_zentrix.TDM.tdm(TDM.java:30)
at org.C_zentrix.org.C_zentrix.Test_czentrix.tdm(Test_czentrix.java:119)
at sun.reflect.NativeMethodAccessorImpl.invoke0(Native Method)
at sun.reflect.NativeMethodAccessorImpl.invoke(Unknown Source)
at sun.reflect.DelegatingMethodAccessorImpl.invoke(Unknown Source)
at java.lang.reflect.Method.invoke(Unknown Source)
at org.testng.internal.MethodInvocationHelper.invokeMethod(MethodInvocationHelper.java:124)
at org.testng.internal.Invoker.invokeMethod(Invoker.java:583)
at org.testng.internal.Invoker.invokeTestMethod(Invoker.java:719)
at org.testng.internal.Invoker.invokeTestMethods(Invoker.java:989)
at org.testng.internal.TestMethodWorker.invokeTestMethods(TestMethodWorker.java:125)
at org.testng.internal.TestMethodWorker.run(TestMethodWorker.java:109)
at org.testng.TestRunner.privateRun(TestRunner.java:648)
at org.testng.TestRunner.run(TestRunner.java:505)
at org.testng.SuiteRunner.runTest(SuiteRunner.java:455)
at org.testng.SuiteRunner.runSequentially(SuiteRunner.java:450)
at org.testng.SuiteRunner.privateRun(SuiteRunner.java:415)
at org.testng.SuiteRunner.run(SuiteRunner.java:364)
at org.testng.SuiteRunnerWorker.runSuite(SuiteRunnerWorker.java:52)
at org.testng.SuiteRunnerWorker.run(SuiteRunnerWorker.java:84)
at org.testng.TestNG.runSuitesSequentially(TestNG.java:1208)
at org.testng.TestNG.runSuitesLocally(TestNG.java:1137)
at org.testng.TestNG.runSuites(TestNG.java:1049)
at org.testng.TestNG.run(TestNG.java:1017)
at org.testng.remote.AbstractRemoteTestNG.run(AbstractRemoteTestNG.java:115)
at org.testng.remote.RemoteTestNG.initAndRun(RemoteTestNG.java:251)
at org.testng.remote.RemoteTestNG.main(RemoteTestNG.java:77)
]]>
            </full-stacktrace>
          </exception> <!-- java.lang.NullPointerException -->
          <reporter-output>
          </reporter-output>
        </test-method> <!-- tdm -->
        <test-method status="PASS" signature="getResult(org.testng.ITestResult)[pri:0, instance:org.C_zentrix.org.C_zentrix.Test_czentrix@17211155]" name="getResult" is-config="true" duration-ms="3" started-at="2019-09-13T10:53:56Z" finished-at="2019-09-13T10:53:56Z">
          <params>
            <param index="0">
              <value>
                <![CDATA[[TestResult name=tdm status=FAILURE method=Test_czentrix.tdm()[pri:2, instance:org.C_zentrix.org.C_zentrix.Test_czentrix@17211155] output={null}]]]>
              </value>
            </param>
          </params>
          <reporter-output>
          </reporter-output>
        </test-method> <!-- getResult -->
        <test-method status="PASS" signature="GateWay()[pri:3, instance:org.C_zentrix.org.C_zentrix.Test_czentrix@17211155]" name="GateWay" duration-ms="15091" started-at="2019-09-13T10:53:56Z" finished-at="2019-09-13T10:54:11Z">
          <reporter-output>
          </reporter-output>
        </test-method> <!-- GateWay -->
        <test-method status="PASS" signature="getResult(org.testng.ITestResult)[pri:0, instance:org.C_zentrix.org.C_zentrix.Test_czentrix@17211155]" name="getResult" is-config="true" duration-ms="2" started-at="2019-09-13T10:54:11Z" finished-at="2019-09-13T10:54:11Z">
          <params>
            <param index="0">
              <value>
                <![CDATA[[TestResult name=GateWay status=SUCCESS method=Test_czentrix.GateWay()[pri:3, instance:org.C_zentrix.org.C_zentrix.Test_czentrix@17211155] output={null}]]]>
              </value>
            </param>
          </params>
          <reporter-output>
          </reporter-output>
        </test-method> <!-- getResult -->
        <test-method status="PASS" signature="sip()[pri:4, instance:org.C_zentrix.org.C_zentrix.Test_czentrix@17211155]" name="sip" duration-ms="28825" started-at="2019-09-13T10:54:11Z" finished-at="2019-09-13T10:54:40Z">
          <reporter-output>
          </reporter-output>
        </test-method> <!-- sip -->
        <test-method status="PASS" signature="getResult(org.testng.ITestResult)[pri:0, instance:org.C_zentrix.org.C_zentrix.Test_czentrix@17211155]" name="getResult" is-config="true" duration-ms="3" started-at="2019-09-13T10:54:40Z" finished-at="2019-09-13T10:54:40Z">
          <params>
            <param index="0">
              <value>
                <![CDATA[[TestResult name=sip status=SUCCESS method=Test_czentrix.sip()[pri:4, instance:org.C_zentrix.org.C_zentrix.Test_czentrix@17211155] output={null}]]]>
              </value>
            </param>
          </params>
          <reporter-output>
          </reporter-output>
        </test-method> <!-- getResult -->
        <test-method status="PASS" signature="campaignTest()[pri:5, instance:org.C_zentrix.org.C_zentrix.Test_czentrix@17211155]" name="campaignTest" duration-ms="64225" started-at="2019-09-13T10:54:40Z" finished-at="2019-09-13T10:55:45Z">
          <reporter-output>
          </reporter-output>
        </test-method> <!-- campaignTest -->
        <test-method status="PASS" signature="getResult(org.testng.ITestResult)[pri:0, instance:org.C_zentrix.org.C_zentrix.Test_czentrix@17211155]" name="getResult" is-config="true" duration-ms="0" started-at="2019-09-13T10:55:45Z" finished-at="2019-09-13T10:55:45Z">
          <params>
            <param index="0">
              <value>
                <![CDATA[[TestResult name=campaignTest status=SUCCESS method=Test_czentrix.campaignTest()[pri:5, instance:org.C_zentrix.org.C_zentrix.Test_czentrix@17211155] output={null}]]]>
              </value>
            </param>
          </params>
          <reporter-output>
          </reporter-output>
        </test-method> <!-- getResult -->
        <test-method status="PASS" signature="agentTest()[pri:6, instance:org.C_zentrix.org.C_zentrix.Test_czentrix@17211155]" name="agentTest" duration-ms="5224" started-at="2019-09-13T10:55:45Z" finished-at="2019-09-13T10:55:50Z">
          <reporter-output>
          </reporter-output>
        </test-method> <!-- agentTest -->
        <test-method status="PASS" signature="getResult(org.testng.ITestResult)[pri:0, instance:org.C_zentrix.org.C_zentrix.Test_czentrix@17211155]" name="getResult" is-config="true" duration-ms="6" started-at="2019-09-13T10:55:50Z" finished-at="2019-09-13T10:55:50Z">
          <params>
            <param index="0">
              <value>
                <![CDATA[[TestResult name=agentTest status=SUCCESS method=Test_czentrix.agentTest()[pri:6, instance:org.C_zentrix.org.C_zentrix.Test_czentrix@17211155] output={null}]]]>
              </value>
            </param>
          </params>
          <reporter-output>
          </reporter-output>
        </test-method> <!-- getResult -->
        <test-method status="FAIL" signature="sip_Channel()[pri:7, instance:org.C_zentrix.org.C_zentrix.Test_czentrix@17211155]" name="sip_Channel" duration-ms="5027" started-at="2019-09-13T10:55:50Z" finished-at="2019-09-13T10:55:55Z">
          <exception class="org.openqa.selenium.NoSuchElementException">
            <message>
              <![CDATA[Unable to locate element: *[name='campaign_edit_ui[0]']
For documentation on this error, please visit: http://seleniumhq.org/exceptions/no_such_element.html
Build info: version: '3.14.0', revision: 'aacccce0', time: '2018-08-02T20:19:58.91Z'
System info: host: 'ADMIN', ip: '172.16.2.155', os.name: 'Windows 8.1', os.arch: 'amd64', os.version: '6.3', java.version: '1.8.0_212'
Driver info: org.openqa.selenium.firefox.FirefoxDriver
Capabilities {acceptInsecureCerts: true, browserName: firefox, browserVersion: 69.0, javascriptEnabled: true, moz:accessibilityChecks: false, moz:buildID: 20190827005903, moz:geckodriverVersion: 0.24.0, moz:headless: false, moz:processID: 4492, moz:profile: C:\Users\tvt\AppData\Local\..., moz:shutdownTimeout: 60000, moz:useNonSpecCompliantPointerOrigin: false, moz:webdriverClick: true, pageLoadStrategy: normal, platform: WINDOWS, platformName: WINDOWS, platformVersion: 6.3, rotatable: false, setWindowRect: true, strictFileInteractability: false, timeouts: {implicit: 0, pageLoad: 300000, script: 30000}, unhandledPromptBehavior: dismiss and notify}
Session ID: 72fde8f6-06cf-495b-8990-dde6daa7f529
*** Element info: {Using=name, value=campaign_edit_ui[0]}]]>
            </message>
            <full-stacktrace>
              <![CDATA[org.openqa.selenium.NoSuchElementException: Unable to locate element: *[name='campaign_edit_ui[0]']
For documentation on this error, please visit: http://seleniumhq.org/exceptions/no_such_element.html
Build info: version: '3.14.0', revision: 'aacccce0', time: '2018-08-02T20:19:58.91Z'
System info: host: 'ADMIN', ip: '172.16.2.155', os.name: 'Windows 8.1', os.arch: 'amd64', os.version: '6.3', java.version: '1.8.0_212'
Driver info: org.openqa.selenium.firefox.FirefoxDriver
Capabilities {acceptInsecureCerts: true, browserName: firefox, browserVersion: 69.0, javascriptEnabled: true, moz:accessibilityChecks: false, moz:buildID: 20190827005903, moz:geckodriverVersion: 0.24.0, moz:headless: false, moz:processID: 4492, moz:profile: C:\Users\tvt\AppData\Local\..., moz:shutdownTimeout: 60000, moz:useNonSpecCompliantPointerOrigin: false, moz:webdriverClick: true, pageLoadStrategy: normal, platform: WINDOWS, platformName: WINDOWS, platformVersion: 6.3, rotatable: false, setWindowRect: true, strictFileInteractability: false, timeouts: {implicit: 0, pageLoad: 300000, script: 30000}, unhandledPromptBehavior: dismiss and notify}
Session ID: 72fde8f6-06cf-495b-8990-dde6daa7f529
*** Element info: {Using=name, value=campaign_edit_ui[0]}
at sun.reflect.NativeConstructorAccessorImpl.newInstance0(Native Method)
at sun.reflect.NativeConstructorAccessorImpl.newInstance(Unknown Source)
at sun.reflect.DelegatingConstructorAccessorImpl.newInstance(Unknown Source)
at java.lang.reflect.Constructor.newInstance(Unknown Source)
at org.openqa.selenium.remote.http.W3CHttpResponseCodec.createException(W3CHttpResponseCodec.java:187)
at org.openqa.selenium.remote.http.W3CHttpResponseCodec.decode(W3CHttpResponseCodec.java:122)
at org.openqa.selenium.remote.http.W3CHttpResponseCodec.decode(W3CHttpResponseCodec.java:49)
at org.openqa.selenium.remote.HttpCommandExecutor.execute(HttpCommandExecutor.java:158)
at org.openqa.selenium.remote.service.DriverCommandExecutor.execute(DriverCommandExecutor.java:83)
at org.openqa.selenium.remote.RemoteWebDriver.execute(RemoteWebDriver.java:548)
at org.openqa.selenium.remote.RemoteWebDriver.findElement(RemoteWebDriver.java:322)
at org.openqa.selenium.remote.RemoteWebDriver.findElementByName(RemoteWebDriver.java:400)
at org.openqa.selenium.By$ByName.findElement(By.java:284)
at org.openqa.selenium.remote.RemoteWebDriver.findElement(RemoteWebDriver.java:314)
at org.C_zentrix.org.C_zentrix.Sip_channel_configuration_Form.sip_channel_Configuration(Sip_channel_configuration_Form.java:17)
at org.C_zentrix.org.C_zentrix.Test_czentrix.sip_Channel(Test_czentrix.java:311)
at sun.reflect.NativeMethodAccessorImpl.invoke0(Native Method)
at sun.reflect.NativeMethodAccessorImpl.invoke(Unknown Source)
at sun.reflect.DelegatingMethodAccessorImpl.invoke(Unknown Source)
at java.lang.reflect.Method.invoke(Unknown Source)
at org.testng.internal.MethodInvocationHelper.invokeMethod(MethodInvocationHelper.java:124)
at org.testng.internal.Invoker.invokeMethod(Invoker.java:583)
at org.testng.internal.Invoker.invokeTestMethod(Invoker.java:719)
at org.testng.internal.Invoker.invokeTestMethods(Invoker.java:989)
at org.testng.internal.TestMethodWorker.invokeTestMethods(TestMethodWorker.java:125)
at org.testng.internal.TestMethodWorker.run(TestMethodWorker.java:109)
at org.testng.TestRunner.privateRun(TestRunner.java:648)
at org.testng.TestRunner.run(TestRunner.java:505)
at org.testng.SuiteRunner.runTest(SuiteRunner.java:455)
at org.testng.SuiteRunner.runSequentially(SuiteRunner.java:450)
at org.testng.SuiteRunner.privateRun(SuiteRunner.java:415)
at org.testng.SuiteRunner.run(SuiteRunner.java:364)
at org.testng.SuiteRunnerWorker.runSuite(SuiteRunnerWorker.java:52)
at org.testng.SuiteRunnerWorker.run(SuiteRunnerWorker.java:84)
at org.testng.TestNG.runSuitesSequentially(TestNG.java:1208)
at org.testng.TestNG.runSuitesLocally(TestNG.java:1137)
at org.testng.TestNG.runSuites(TestNG.java:1049)
at org.testng.TestNG.run(TestNG.java:1017)
at org.testng.remote.AbstractRemoteTestNG.run(AbstractRemoteTestNG.java:115)
at org.testng.remote.RemoteTestNG.initAndRun(RemoteTestNG.java:251)
at org.testng.remote.RemoteTestNG.main(RemoteTestNG.java:77)
]]>
            </full-stacktrace>
          </exception> <!-- org.openqa.selenium.NoSuchElementException -->
          <reporter-output>
          </reporter-output>
        </test-method> <!-- sip_Channel -->
        <test-method status="PASS" signature="getResult(org.testng.ITestResult)[pri:0, instance:org.C_zentrix.org.C_zentrix.Test_czentrix@17211155]" name="getResult" is-config="true" duration-ms="3" started-at="2019-09-13T10:55:55Z" finished-at="2019-09-13T10:55:55Z">
          <params>
            <param index="0">
              <value>
                <![CDATA[[TestResult name=sip_Channel status=FAILURE method=Test_czentrix.sip_Channel()[pri:7, instance:org.C_zentrix.org.C_zentrix.Test_czentrix@17211155] output={null}]]]>
              </value>
            </param>
          </params>
          <reporter-output>
          </reporter-output>
        </test-method> <!-- getResult -->
        <test-method status="PASS" signature="listForm()[pri:8, instance:org.C_zentrix.org.C_zentrix.Test_czentrix@17211155]" name="listForm" duration-ms="62406" started-at="2019-09-13T10:55:55Z" finished-at="2019-09-13T10:56:57Z">
          <reporter-output>
          </reporter-output>
        </test-method> <!-- listForm -->
        <test-method status="PASS" signature="getResult(org.testng.ITestResult)[pri:0, instance:org.C_zentrix.org.C_zentrix.Test_czentrix@17211155]" name="getResult" is-config="true" duration-ms="2" started-at="2019-09-13T10:56:57Z" finished-at="2019-09-13T10:56:57Z">
          <params>
            <param index="0">
              <value>
                <![CDATA[[TestResult name=listForm status=SUCCESS method=Test_czentrix.listForm()[pri:8, instance:org.C_zentrix.org.C_zentrix.Test_czentrix@17211155] output={null}]]]>
              </value>
            </param>
          </params>
          <reporter-output>
          </reporter-output>
        </test-method> <!-- getResult -->
        <test-method status="FAIL" signature="uploadList()[pri:9, instance:org.C_zentrix.org.C_zentrix.Test_czentrix@17211155]" name="uploadList" duration-ms="3076" started-at="2019-09-13T10:56:57Z" finished-at="2019-09-13T10:57:00Z">
          <exception class="org.openqa.selenium.NoSuchElementException">
            <message>
              <![CDATA[Unable to locate element: *[name='list_condition_ui[0]']
For documentation on this error, please visit: http://seleniumhq.org/exceptions/no_such_element.html
Build info: version: '3.14.0', revision: 'aacccce0', time: '2018-08-02T20:19:58.91Z'
System info: host: 'ADMIN', ip: '172.16.2.155', os.name: 'Windows 8.1', os.arch: 'amd64', os.version: '6.3', java.version: '1.8.0_212'
Driver info: org.openqa.selenium.firefox.FirefoxDriver
Capabilities {acceptInsecureCerts: true, browserName: firefox, browserVersion: 69.0, javascriptEnabled: true, moz:accessibilityChecks: false, moz:buildID: 20190827005903, moz:geckodriverVersion: 0.24.0, moz:headless: false, moz:processID: 4492, moz:profile: C:\Users\tvt\AppData\Local\..., moz:shutdownTimeout: 60000, moz:useNonSpecCompliantPointerOrigin: false, moz:webdriverClick: true, pageLoadStrategy: normal, platform: WINDOWS, platformName: WINDOWS, platformVersion: 6.3, rotatable: false, setWindowRect: true, strictFileInteractability: false, timeouts: {implicit: 0, pageLoad: 300000, script: 30000}, unhandledPromptBehavior: dismiss and notify}
Session ID: 72fde8f6-06cf-495b-8990-dde6daa7f529
*** Element info: {Using=name, value=list_condition_ui[0]}]]>
            </message>
            <full-stacktrace>
              <![CDATA[org.openqa.selenium.NoSuchElementException: Unable to locate element: *[name='list_condition_ui[0]']
For documentation on this error, please visit: http://seleniumhq.org/exceptions/no_such_element.html
Build info: version: '3.14.0', revision: 'aacccce0', time: '2018-08-02T20:19:58.91Z'
System info: host: 'ADMIN', ip: '172.16.2.155', os.name: 'Windows 8.1', os.arch: 'amd64', os.version: '6.3', java.version: '1.8.0_212'
Driver info: org.openqa.selenium.firefox.FirefoxDriver
Capabilities {acceptInsecureCerts: true, browserName: firefox, browserVersion: 69.0, javascriptEnabled: true, moz:accessibilityChecks: false, moz:buildID: 20190827005903, moz:geckodriverVersion: 0.24.0, moz:headless: false, moz:processID: 4492, moz:profile: C:\Users\tvt\AppData\Local\..., moz:shutdownTimeout: 60000, moz:useNonSpecCompliantPointerOrigin: false, moz:webdriverClick: true, pageLoadStrategy: normal, platform: WINDOWS, platformName: WINDOWS, platformVersion: 6.3, rotatable: false, setWindowRect: true, strictFileInteractability: false, timeouts: {implicit: 0, pageLoad: 300000, script: 30000}, unhandledPromptBehavior: dismiss and notify}
Session ID: 72fde8f6-06cf-495b-8990-dde6daa7f529
*** Element info: {Using=name, value=list_condition_ui[0]}
at sun.reflect.NativeConstructorAccessorImpl.newInstance0(Native Method)
at sun.reflect.NativeConstructorAccessorImpl.newInstance(Unknown Source)
at sun.reflect.DelegatingConstructorAccessorImpl.newInstance(Unknown Source)
at java.lang.reflect.Constructor.newInstance(Unknown Source)
at org.openqa.selenium.remote.http.W3CHttpResponseCodec.createException(W3CHttpResponseCodec.java:187)
at org.openqa.selenium.remote.http.W3CHttpResponseCodec.decode(W3CHttpResponseCodec.java:122)
at org.openqa.selenium.remote.http.W3CHttpResponseCodec.decode(W3CHttpResponseCodec.java:49)
at org.openqa.selenium.remote.HttpCommandExecutor.execute(HttpCommandExecutor.java:158)
at org.openqa.selenium.remote.service.DriverCommandExecutor.execute(DriverCommandExecutor.java:83)
at org.openqa.selenium.remote.RemoteWebDriver.execute(RemoteWebDriver.java:548)
at org.openqa.selenium.remote.RemoteWebDriver.findElement(RemoteWebDriver.java:322)
at org.openqa.selenium.remote.RemoteWebDriver.findElementByName(RemoteWebDriver.java:400)
at org.openqa.selenium.By$ByName.findElement(By.java:284)
at org.openqa.selenium.remote.RemoteWebDriver.findElement(RemoteWebDriver.java:314)
at org.C_zentrix.org.C_zentrix.ListUpload.List(ListUpload.java:17)
at org.C_zentrix.org.C_zentrix.Test_czentrix.uploadList(Test_czentrix.java:373)
at sun.reflect.NativeMethodAccessorImpl.invoke0(Native Method)
at sun.reflect.NativeMethodAccessorImpl.invoke(Unknown Source)
at sun.reflect.DelegatingMethodAccessorImpl.invoke(Unknown Source)
at java.lang.reflect.Method.invoke(Unknown Source)
at org.testng.internal.MethodInvocationHelper.invokeMethod(MethodInvocationHelper.java:124)
at org.testng.internal.Invoker.invokeMethod(Invoker.java:583)
at org.testng.internal.Invoker.invokeTestMethod(Invoker.java:719)
at org.testng.internal.Invoker.invokeTestMethods(Invoker.java:989)
at org.testng.internal.TestMethodWorker.invokeTestMethods(TestMethodWorker.java:125)
at org.testng.internal.TestMethodWorker.run(TestMethodWorker.java:109)
at org.testng.TestRunner.privateRun(TestRunner.java:648)
at org.testng.TestRunner.run(TestRunner.java:505)
at org.testng.SuiteRunner.runTest(SuiteRunner.java:455)
at org.testng.SuiteRunner.runSequentially(SuiteRunner.java:450)
at org.testng.SuiteRunner.privateRun(SuiteRunner.java:415)
at org.testng.SuiteRunner.run(SuiteRunner.java:364)
at org.testng.SuiteRunnerWorker.runSuite(SuiteRunnerWorker.java:52)
at org.testng.SuiteRunnerWorker.run(SuiteRunnerWorker.java:84)
at org.testng.TestNG.runSuitesSequentially(TestNG.java:1208)
at org.testng.TestNG.runSuitesLocally(TestNG.java:1137)
at org.testng.TestNG.runSuites(TestNG.java:1049)
at org.testng.TestNG.run(TestNG.java:1017)
at org.testng.remote.AbstractRemoteTestNG.run(AbstractRemoteTestNG.java:115)
at org.testng.remote.RemoteTestNG.initAndRun(RemoteTestNG.java:251)
at org.testng.remote.RemoteTestNG.main(RemoteTestNG.java:77)
]]>
            </full-stacktrace>
          </exception> <!-- org.openqa.selenium.NoSuchElementException -->
          <reporter-output>
          </reporter-output>
        </test-method> <!-- uploadList -->
        <test-method status="PASS" signature="getResult(org.testng.ITestResult)[pri:0, instance:org.C_zentrix.org.C_zentrix.Test_czentrix@17211155]" name="getResult" is-config="true" duration-ms="3" started-at="2019-09-13T10:57:00Z" finished-at="2019-09-13T10:57:00Z">
          <params>
            <param index="0">
              <value>
                <![CDATA[[TestResult name=uploadList status=FAILURE method=Test_czentrix.uploadList()[pri:9, instance:org.C_zentrix.org.C_zentrix.Test_czentrix@17211155] output={null}]]]>
              </value>
            </param>
          </params>
          <reporter-output>
          </reporter-output>
        </test-method> <!-- getResult -->
        <test-method status="PASS" signature="applyConfiguration()[pri:10, instance:org.C_zentrix.org.C_zentrix.Test_czentrix@17211155]" name="applyConfiguration" duration-ms="8772" started-at="2019-09-13T10:57:00Z" finished-at="2019-09-13T10:57:09Z">
          <reporter-output>
          </reporter-output>
        </test-method> <!-- applyConfiguration -->
        <test-method status="PASS" signature="getResult(org.testng.ITestResult)[pri:0, instance:org.C_zentrix.org.C_zentrix.Test_czentrix@17211155]" name="getResult" is-config="true" duration-ms="2" started-at="2019-09-13T10:57:09Z" finished-at="2019-09-13T10:57:09Z">
          <params>
            <param index="0">
              <value>
                <![CDATA[[TestResult name=applyConfiguration status=SUCCESS method=Test_czentrix.applyConfiguration()[pri:10, instance:org.C_zentrix.org.C_zentrix.Test_czentrix@17211155] output={null}]]]>
              </value>
            </param>
          </params>
          <reporter-output>
          </reporter-output>
        </test-method> <!-- getResult -->
        <test-method status="PASS" signature="endReport()[pri:0, instance:org.C_zentrix.org.C_zentrix.Test_czentrix@17211155]" name="endReport" is-config="true" duration-ms="797" started-at="2019-09-13T10:57:09Z" finished-at="2019-09-13T10:57:10Z">
          <reporter-output>
          </reporter-output>
        </test-method> <!-- endReport -->
      </class> <!-- org.C_zentrix.org.C_zentrix.Test_czentrix -->
    </test> <!-- Default test -->
  </suite> <!-- Default suite -->
</testng-results>
